
------------------ [ alt_disk_clean_manual ] ------------------

hosts: ['Anthony_nimserver', 'Anthony_test2']
sudo user: ansiadm
become user: root
items: 

2023-03-31 16:42:47 HKT [ Anthony_nimserver ] [ alt_disk_clean_manual ] began

2023-03-31 16:42:47 HKT [ Anthony_test2 ] [ alt_disk_clean_manual ] began

[ Anthony_nimserver ] [ alt_disk_clean_manual ] suceeded

[ Anthony_test2 ] [ alt_disk_clean_manual ] suceeded

2023-03-31 16:42:57 HKT [ Anthony_nimserver ] [ alt_disk_clean_manual ] ended

2023-03-31 16:42:57 HKT [ Anthony_test2 ] [ alt_disk_clean_manual ] ended


------------------ [ alt_disk_copy_manual ] ------------------

hosts: ['Anthony_nimserver', 'Anthony_test2']
sudo user: ansiadm
become user: root
items: 

2023-04-19 18:38:36 HKT [ Anthony_nimserver ] [ alt_disk_copy_manual ] began

2023-04-19 18:38:37 HKT [ Anthony_test2 ] [ alt_disk_copy_manual ] began

[ Anthony_nimserver ] [ alt_disk_copy_manual ] suceeded

[ Anthony_test2 ] [ alt_disk_copy_manual ] suceeded

2023-04-19 18:45:50 HKT [ Anthony_nimserver ] [ alt_disk_copy_manual ] ended

2023-04-19 18:45:50 HKT [ Anthony_test2 ] [ alt_disk_copy_manual ] ended


------------------ [ alt_disk_list ] ------------------

hosts: ['Anthony_nimserver', 'Anthony_test2']
sudo user: ansiadm
become user: root
items: 

2023-04-19 19:00:38 HKT [ Anthony_nimserver ] [ alt_disk_list ] began

2023-04-19 19:00:38 HKT [ Anthony_test2 ] [ alt_disk_list ] began

[ Anthony_nimserver ] [ alt_disk_list ] suceeded

[ Anthony_test2 ] [ alt_disk_list ] suceeded

2023-04-19 19:00:52 HKT [ Anthony_nimserver ] [ alt_disk_list ] ended

2023-04-19 19:00:52 HKT [ Anthony_test2 ] [ alt_disk_list ] ended

