
------------------ [ log_housekeep ] ------------------

hosts: ['Anthony_nimserver', 'Anthony_test2']
sudo user: ansiadm
become user: root
items: 

2023-01-30 12:02:54 HKT [ Anthony_nimserver ] [ log_housekeep ] began

2023-01-30 12:02:54 HKT [ Anthony_test2 ] [ log_housekeep ] began

[ Anthony_nimserver ] [ log_housekeep ] failed

[ Anthony_test2 ] [ log_housekeep ] failed

2023-01-30 12:03:00 HKT [ Anthony_nimserver ] [ log_housekeep ] ended

2023-01-30 12:03:00 HKT [ Anthony_test2 ] [ log_housekeep ] ended


------------------ [ log_housekeep ] ------------------

hosts: ['Anthony_nimserver', 'Anthony_test2']
sudo user: ansiadm
become user: root
items: 

2023-01-30 12:04:14 HKT [ Anthony_nimserver ] [ log_housekeep ] began

2023-01-30 12:04:14 HKT [ Anthony_test2 ] [ log_housekeep ] began

[ Anthony_nimserver ] [ log_housekeep ] suceeded

[ Anthony_test2 ] [ log_housekeep ] suceeded

2023-01-30 12:04:21 HKT [ Anthony_nimserver ] [ log_housekeep ] ended

2023-01-30 12:04:21 HKT [ Anthony_test2 ] [ log_housekeep ] ended


------------------ [ log_housekeep ] ------------------

hosts: ['Anthony_nimserver', 'Anthony_test2']
sudo user: ansiadm
become user: root
items: 

2023-01-30 14:14:11 HKT [ Anthony_nimserver ] [ log_housekeep ] began

2023-01-30 14:14:11 HKT [ Anthony_test2 ] [ log_housekeep ] began

[ Anthony_nimserver ] [ log_housekeep ] suceeded

[ Anthony_test2 ] [ log_housekeep ] suceeded

2023-01-30 14:14:18 HKT [ Anthony_nimserver ] [ log_housekeep ] ended

2023-01-30 14:14:18 HKT [ Anthony_test2 ] [ log_housekeep ] ended


------------------ [ alt_disk_copy ] ------------------

hosts: ['Anthony_nimserver', 'Anthony_test2']
sudo user: ansiadm
become user: root
items: 

2023-01-30 14:15:30 HKT [ Anthony_nimserver ] [ alt_disk_copy ] began

2023-01-30 14:15:30 HKT [ Anthony_test2 ] [ alt_disk_copy ] began

[ Anthony_nimserver ] [ alt_disk_copy ] suceeded

[ Anthony_test2 ] [ alt_disk_copy ] suceeded

2023-01-30 14:19:54 HKT [ Anthony_nimserver ] [ alt_disk_copy ] ended

2023-01-30 14:19:54 HKT [ Anthony_test2 ] [ alt_disk_copy ] ended


------------------ [ alt_disk_list ] ------------------

hosts: ['Anthony_nimserver', 'Anthony_test2']
sudo user: ansiadm
become user: root
items: 

2023-01-30 14:20:27 HKT [ Anthony_nimserver ] [ alt_disk_list ] began

2023-01-30 14:20:27 HKT [ Anthony_test2 ] [ alt_disk_list ] began

[ Anthony_nimserver ] [ alt_disk_list ] suceeded

[ Anthony_test2 ] [ alt_disk_list ] suceeded

2023-01-30 14:20:36 HKT [ Anthony_nimserver ] [ alt_disk_list ] ended

2023-01-30 14:20:36 HKT [ Anthony_test2 ] [ alt_disk_list ] ended


------------------ [ alt_disk_list ] ------------------

hosts: ['Anthony_nimserver', 'Anthony_test2']
sudo user: ansiadm
become user: root
items: 

2023-01-30 14:27:21 HKT [ Anthony_nimserver ] [ alt_disk_list ] began

2023-01-30 14:27:22 HKT [ Anthony_test2 ] [ alt_disk_list ] began

[ Anthony_nimserver ] [ alt_disk_list ] suceeded

[ Anthony_test2 ] [ alt_disk_list ] suceeded

2023-01-30 14:27:30 HKT [ Anthony_nimserver ] [ alt_disk_list ] ended

2023-01-30 14:27:30 HKT [ Anthony_test2 ] [ alt_disk_list ] ended


------------------ [ alt_disk_list ] ------------------

hosts: ['Anthony_nimserver', 'Anthony_test2']
sudo user: ansiadm
become user: root
items: 

2023-01-30 14:32:05 HKT [ Anthony_nimserver ] [ alt_disk_list ] began

2023-01-30 14:32:05 HKT [ Anthony_test2 ] [ alt_disk_list ] began

[ Anthony_nimserver ] [ alt_disk_list ] suceeded

[ Anthony_test2 ] [ alt_disk_list ] suceeded

2023-01-30 14:32:14 HKT [ Anthony_nimserver ] [ alt_disk_list ] ended

2023-01-30 14:32:14 HKT [ Anthony_test2 ] [ alt_disk_list ] ended


------------------ [ alt_disk_list ] ------------------

hosts: ['Anthony_nimserver', 'Anthony_test2']
sudo user: ansiadm
become user: root
items: 

2023-01-30 15:21:19 HKT [ Anthony_nimserver ] [ alt_disk_list ] began

2023-01-30 15:21:19 HKT [ Anthony_test2 ] [ alt_disk_list ] began

[ Anthony_nimserver ] [ alt_disk_list ] suceeded

[ Anthony_test2 ] [ alt_disk_list ] suceeded

2023-01-30 15:21:28 HKT [ Anthony_nimserver ] [ alt_disk_list ] ended

2023-01-30 15:21:28 HKT [ Anthony_test2 ] [ alt_disk_list ] ended


------------------ [ gather_nmon ] ------------------

hosts: ['Anthony_nimserver', 'Anthony_test2']
sudo user: ansiadm
become user: root
items: 

2023-01-30 16:17:18 HKT [ Anthony_nimserver ] [ gather_nmon ] began

2023-01-30 16:17:18 HKT [ Anthony_test2 ] [ gather_nmon ] began

[ Anthony_nimserver ] [ gather_nmon ] failed

[ Anthony_test2 ] [ gather_nmon ] failed

2023-01-30 16:17:24 HKT [ Anthony_nimserver ] [ gather_nmon ] ended

2023-01-30 16:17:24 HKT [ Anthony_test2 ] [ gather_nmon ] ended


------------------ [ gather_nmon ] ------------------

hosts: ['Anthony_nimserver', 'Anthony_test2']
sudo user: ansiadm
become user: root
items: 

2023-01-30 16:19:17 HKT [ Anthony_nimserver ] [ gather_nmon ] began

2023-01-30 16:19:17 HKT [ Anthony_test2 ] [ gather_nmon ] began

[ Anthony_nimserver ] [ gather_nmon ] failed

[ Anthony_test2 ] [ gather_nmon ] failed

2023-01-30 16:19:25 HKT [ Anthony_nimserver ] [ gather_nmon ] ended

2023-01-30 16:19:25 HKT [ Anthony_test2 ] [ gather_nmon ] ended


------------------ [ gather_nmon ] ------------------

hosts: ['Anthony_nimserver', 'Anthony_test2']
sudo user: ansiadm
become user: root
items: 

2023-01-30 16:28:12 HKT [ Anthony_nimserver ] [ gather_nmon ] began

2023-01-30 16:28:12 HKT [ Anthony_test2 ] [ gather_nmon ] began

[ Anthony_nimserver ] [ gather_nmon ] failed

[ Anthony_test2 ] [ gather_nmon ] failed

2023-01-30 16:28:18 HKT [ Anthony_nimserver ] [ gather_nmon ] ended

2023-01-30 16:28:19 HKT [ Anthony_test2 ] [ gather_nmon ] ended


------------------ [ gather_nmon ] ------------------

hosts: ['Anthony_nimserver', 'Anthony_test2']
sudo user: ansiadm
become user: root
items: 

2023-01-30 16:35:07 HKT [ Anthony_nimserver ] [ gather_nmon ] began

2023-01-30 16:35:07 HKT [ Anthony_test2 ] [ gather_nmon ] began

[ Anthony_nimserver ] [ gather_nmon ] suceeded

[ Anthony_test2 ] [ gather_nmon ] suceeded

2023-01-30 16:35:14 HKT [ Anthony_test2 ] [ gather_nmon ] ended

2023-01-30 16:35:14 HKT [ Anthony_nimserver ] [ gather_nmon ] ended


------------------ [ gather_nmon ] ------------------

hosts: ['Anthony_nimserver', 'Anthony_test2']
sudo user: ansiadm
become user: root
items: 

2023-01-30 16:39:03 HKT [ Anthony_nimserver ] [ gather_nmon ] began

2023-01-30 16:39:03 HKT [ Anthony_test2 ] [ gather_nmon ] began

[ Anthony_nimserver ] [ gather_nmon ] suceeded

[ Anthony_test2 ] [ gather_nmon ] suceeded

2023-01-30 16:39:10 HKT [ Anthony_nimserver ] [ gather_nmon ] ended

2023-01-30 16:39:10 HKT [ Anthony_test2 ] [ gather_nmon ] ended


------------------ [ gather_nmon ] ------------------

hosts: ['Anthony_nimserver', 'Anthony_test2']
sudo user: ansiadm
become user: root
items: 

2023-01-30 16:42:50 HKT [ Anthony_nimserver ] [ gather_nmon ] began

2023-01-30 16:42:50 HKT [ Anthony_test2 ] [ gather_nmon ] began

[ Anthony_nimserver ] [ gather_nmon ] suceeded

[ Anthony_test2 ] [ gather_nmon ] suceeded

2023-01-30 16:42:57 HKT [ Anthony_nimserver ] [ gather_nmon ] ended

2023-01-30 16:42:57 HKT [ Anthony_test2 ] [ gather_nmon ] ended


------------------ [ gather_nmon ] ------------------

hosts: ['Anthony_nimserver', 'Anthony_test2']
sudo user: ansiadm
become user: root
items: 

2023-01-30 16:48:21 HKT [ Anthony_nimserver ] [ gather_nmon ] began

2023-01-30 16:48:21 HKT [ Anthony_test2 ] [ gather_nmon ] began

[ Anthony_nimserver ] [ gather_nmon ] suceeded

[ Anthony_test2 ] [ gather_nmon ] suceeded

2023-01-30 16:48:28 HKT [ Anthony_nimserver ] [ gather_nmon ] ended

2023-01-30 16:48:28 HKT [ Anthony_test2 ] [ gather_nmon ] ended


------------------ [ gather_nmon ] ------------------

hosts: ['Anthony_nimserver', 'Anthony_test2']
sudo user: ansiadm
become user: root
items: 

2023-01-30 16:49:20 HKT [ Anthony_nimserver ] [ gather_nmon ] began

2023-01-30 16:49:20 HKT [ Anthony_test2 ] [ gather_nmon ] began

[ Anthony_nimserver ] [ gather_nmon ] suceeded

[ Anthony_test2 ] [ gather_nmon ] suceeded

2023-01-30 16:49:34 HKT [ Anthony_nimserver ] [ gather_nmon ] ended

2023-01-30 16:49:34 HKT [ Anthony_test2 ] [ gather_nmon ] ended


------------------ [ gather_nmon ] ------------------

hosts: ['Anthony_nimserver', 'Anthony_test2']
sudo user: ansiadm
become user: root
items: 

2023-01-30 16:50:31 HKT [ Anthony_nimserver ] [ gather_nmon ] began

2023-01-30 16:50:31 HKT [ Anthony_test2 ] [ gather_nmon ] began

[ Anthony_nimserver ] [ gather_nmon ] suceeded

[ Anthony_test2 ] [ gather_nmon ] suceeded

2023-01-30 16:50:45 HKT [ Anthony_nimserver ] [ gather_nmon ] ended

2023-01-30 16:50:45 HKT [ Anthony_test2 ] [ gather_nmon ] ended


------------------ [ gather_nmon ] ------------------

hosts: ['Anthony_nimserver', 'Anthony_test2']
sudo user: ansiadm
become user: root
items: 

2023-01-30 16:52:23 HKT [ Anthony_nimserver ] [ gather_nmon ] began

2023-01-30 16:52:23 HKT [ Anthony_test2 ] [ gather_nmon ] began

[ Anthony_nimserver ] [ gather_nmon ] suceeded

[ Anthony_test2 ] [ gather_nmon ] suceeded

2023-01-30 16:52:37 HKT [ Anthony_nimserver ] [ gather_nmon ] ended

2023-01-30 16:52:37 HKT [ Anthony_test2 ] [ gather_nmon ] ended


------------------ [ gather_nmon ] ------------------

hosts: ['Anthony_nimserver', 'Anthony_test2']
sudo user: ansiadm
become user: root
items: 

2023-01-30 16:53:53 HKT [ Anthony_nimserver ] [ gather_nmon ] began

2023-01-30 16:53:54 HKT [ Anthony_test2 ] [ gather_nmon ] began

[ Anthony_nimserver ] [ gather_nmon ] suceeded

[ Anthony_test2 ] [ gather_nmon ] suceeded

2023-01-30 16:54:08 HKT [ Anthony_nimserver ] [ gather_nmon ] ended

2023-01-30 16:54:08 HKT [ Anthony_test2 ] [ gather_nmon ] ended


------------------ [ gather_nmon ] ------------------

hosts: ['Anthony_nimserver', 'Anthony_test2']
sudo user: ansiadm
become user: root
items: 

2023-01-30 17:09:32 HKT [ Anthony_nimserver ] [ gather_nmon ] began

2023-01-30 17:09:32 HKT [ Anthony_test2 ] [ gather_nmon ] began

[ Anthony_test2 ] [ gather_nmon ] failed

[ Anthony_nimserver ] [ gather_nmon ] failed

2023-01-30 17:09:47 HKT [ Anthony_nimserver ] [ gather_nmon ] ended

2023-01-30 17:09:47 HKT [ Anthony_test2 ] [ gather_nmon ] ended


------------------ [ gather_nmon ] ------------------

hosts: ['Anthony_nimserver', 'Anthony_test2']
sudo user: ansiadm
become user: root
items: 

2023-01-30 17:11:00 HKT [ Anthony_nimserver ] [ gather_nmon ] began

2023-01-30 17:11:00 HKT [ Anthony_test2 ] [ gather_nmon ] began

[ Anthony_nimserver ] [ gather_nmon ] suceeded

[ Anthony_test2 ] [ gather_nmon ] suceeded

2023-01-30 17:11:15 HKT [ Anthony_nimserver ] [ gather_nmon ] ended

2023-01-30 17:11:15 HKT [ Anthony_test2 ] [ gather_nmon ] ended


------------------ [ alt_disk_clean ] ------------------

hosts: ['Anthony_nimserver', 'Anthony_test2']
sudo user: ansiadm
become user: root
items: 

2023-02-03 09:55:31 HKT [ Anthony_nimserver ] [ alt_disk_clean ] began

2023-02-03 09:55:31 HKT [ Anthony_test2 ] [ alt_disk_clean ] began

[ Anthony_nimserver ] [ alt_disk_clean ] suceeded

[ Anthony_test2 ] [ alt_disk_clean ] suceeded

2023-02-03 09:55:42 HKT [ Anthony_nimserver ] [ alt_disk_clean ] ended

2023-02-03 09:55:42 HKT [ Anthony_test2 ] [ alt_disk_clean ] ended


------------------ [ alt_disk_list ] ------------------

hosts: ['Anthony_nimserver', 'Anthony_test2']
sudo user: ansiadm
become user: root
items: 

2023-02-03 10:05:22 HKT [ Anthony_nimserver ] [ alt_disk_list ] began

2023-02-03 10:05:22 HKT [ Anthony_test2 ] [ alt_disk_list ] began

[ Anthony_nimserver ] [ alt_disk_list ] suceeded

[ Anthony_test2 ] [ alt_disk_list ] suceeded

2023-02-03 10:05:30 HKT [ Anthony_nimserver ] [ alt_disk_list ] ended

2023-02-03 10:05:30 HKT [ Anthony_test2 ] [ alt_disk_list ] ended


------------------ [ alt_disk_copy ] ------------------

hosts: ['Anthony_nimserver', 'Anthony_test2']
sudo user: ansiadm
become user: root
items: 

2023-02-03 10:06:28 HKT [ Anthony_nimserver ] [ alt_disk_copy ] began

2023-02-03 10:06:28 HKT [ Anthony_test2 ] [ alt_disk_copy ] began

[ Anthony_nimserver ] [ alt_disk_copy ] suceeded

[ Anthony_test2 ] [ alt_disk_copy ] suceeded

2023-02-03 10:12:11 HKT [ Anthony_nimserver ] [ alt_disk_copy ] ended

2023-02-03 10:12:11 HKT [ Anthony_test2 ] [ alt_disk_copy ] ended


------------------ [ alt_disk_list ] ------------------

hosts: ['Anthony_nimserver', 'Anthony_test2']
sudo user: ansiadm
become user: root
items: 

2023-02-03 10:12:40 HKT [ Anthony_nimserver ] [ alt_disk_list ] began

2023-02-03 10:12:40 HKT [ Anthony_test2 ] [ alt_disk_list ] began

[ Anthony_nimserver ] [ alt_disk_list ] suceeded

[ Anthony_test2 ] [ alt_disk_list ] suceeded

2023-02-03 10:12:48 HKT [ Anthony_nimserver ] [ alt_disk_list ] ended

2023-02-03 10:12:49 HKT [ Anthony_test2 ] [ alt_disk_list ] ended


------------------ [ alt_disk_list ] ------------------

hosts: ['Anthony_nimserver', 'Anthony_test2']
sudo user: ansiadm
become user: root
items: 

2023-02-03 10:21:29 HKT [ Anthony_nimserver ] [ alt_disk_list ] began

2023-02-03 10:21:29 HKT [ Anthony_test2 ] [ alt_disk_list ] began

[ Anthony_nimserver ] [ alt_disk_list ] suceeded

[ Anthony_test2 ] [ alt_disk_list ] suceeded

2023-02-03 10:21:38 HKT [ Anthony_nimserver ] [ alt_disk_list ] ended

2023-02-03 10:21:38 HKT [ Anthony_test2 ] [ alt_disk_list ] ended


------------------ [ alt_disk_clean ] ------------------

hosts: ['Anthony_nimserver', 'Anthony_test2']
sudo user: ansiadm
become user: root
items: 

2023-02-03 10:22:28 HKT [ Anthony_nimserver ] [ alt_disk_clean ] began

2023-02-03 10:22:28 HKT [ Anthony_test2 ] [ alt_disk_clean ] began

[ Anthony_nimserver ] [ alt_disk_clean ] suceeded

[ Anthony_test2 ] [ alt_disk_clean ] suceeded

2023-02-03 10:22:39 HKT [ Anthony_nimserver ] [ alt_disk_clean ] ended

2023-02-03 10:22:39 HKT [ Anthony_test2 ] [ alt_disk_clean ] ended


------------------ [ alt_disk_list ] ------------------

hosts: ['Anthony_nimserver', 'Anthony_test2']
sudo user: ansiadm
become user: root
items: 

2023-02-03 10:23:02 HKT [ Anthony_nimserver ] [ alt_disk_list ] began

2023-02-03 10:23:02 HKT [ Anthony_test2 ] [ alt_disk_list ] began

[ Anthony_nimserver ] [ alt_disk_list ] suceeded

[ Anthony_test2 ] [ alt_disk_list ] suceeded

2023-02-03 10:23:12 HKT [ Anthony_nimserver ] [ alt_disk_list ] ended

2023-02-03 10:23:12 HKT [ Anthony_test2 ] [ alt_disk_list ] ended


------------------ [ alt_disk_list ] ------------------

hosts: ['Anthony_nimserver', 'Anthony_test2']
sudo user: ansiadm
become user: root
items: 

2023-02-03 10:24:55 HKT [ Anthony_nimserver ] [ alt_disk_list ] began

2023-02-03 10:24:55 HKT [ Anthony_test2 ] [ alt_disk_list ] began

[ Anthony_test2 ] [ alt_disk_list ] suceeded

[ Anthony_nimserver ] [ alt_disk_list ] suceeded

2023-02-03 10:25:05 HKT [ Anthony_nimserver ] [ alt_disk_list ] ended

2023-02-03 10:25:05 HKT [ Anthony_test2 ] [ alt_disk_list ] ended


------------------ [ alt_disk_copy ] ------------------

hosts: ['Anthony_nimserver', 'Anthony_test2']
sudo user: ansiadm
become user: root
items: 

2023-02-03 10:25:49 HKT [ Anthony_nimserver ] [ alt_disk_copy ] began

2023-02-03 10:25:50 HKT [ Anthony_test2 ] [ alt_disk_copy ] began

[ Anthony_nimserver ] [ alt_disk_copy ] suceeded

[ Anthony_test2 ] [ alt_disk_copy ] suceeded

2023-02-03 10:30:15 HKT [ Anthony_nimserver ] [ alt_disk_copy ] ended

2023-02-03 10:30:15 HKT [ Anthony_test2 ] [ alt_disk_copy ] ended


------------------ [ alt_disk_list ] ------------------

hosts: ['Anthony_nimserver', 'Anthony_test2']
sudo user: ansiadm
become user: root
items: 

2023-02-03 10:31:03 HKT [ Anthony_nimserver ] [ alt_disk_list ] began

2023-02-03 10:31:03 HKT [ Anthony_test2 ] [ alt_disk_list ] began

[ Anthony_nimserver ] [ alt_disk_list ] suceeded

[ Anthony_test2 ] [ alt_disk_list ] suceeded

2023-02-03 10:31:12 HKT [ Anthony_nimserver ] [ alt_disk_list ] ended

2023-02-03 10:31:12 HKT [ Anthony_test2 ] [ alt_disk_list ] ended


------------------ [ nim_mksysb_delete ] ------------------

hosts: ['Anthony_nimserver']
sudo user: ansiadm
become user: root
items: 

2023-02-15 14:26:15 HKT [ Anthony_nimserver ] [ nim_mksysb_delete ] began

[ Anthony_nimserver ] [ nim_mksysb_delete ] suceeded

2023-02-15 14:26:32 HKT [ Anthony_nimserver ] [ nim_mksysb_delete ] ended


------------------ [ nim_mksysb_create ] ------------------

hosts: ['Anthony_nimserver', 'Anthony_test2']
sudo user: ansiadm
become user: root
items: 

2023-02-15 14:38:17 HKT [ Anthony_nimserver ] [ nim_mksysb_create ] began

2023-02-15 14:38:17 HKT [ Anthony_test2 ] [ nim_mksysb_create ] began

[ Anthony_nimserver ] [ nim_mksysb_create ] suceeded

[ Anthony_test2 ] [ nim_mksysb_create ] suceeded

2023-02-15 14:43:06 HKT [ Anthony_nimserver ] [ nim_mksysb_create ] ended

2023-02-15 14:43:06 HKT [ Anthony_test2 ] [ nim_mksysb_create ] ended


------------------ [ nim_mksysb_list ] ------------------

hosts: ['Anthony_nimserver']
sudo user: ansiadm
become user: root
items: 

2023-02-15 14:43:32 HKT [ Anthony_nimserver ] [ nim_mksysb_list ] began

[ Anthony_nimserver ] [ nim_mksysb_list ] suceeded

2023-02-15 14:43:41 HKT [ Anthony_nimserver ] [ nim_mksysb_list ] ended


------------------ [ nim_mksysb_delete ] ------------------

hosts: ['Anthony_nimserver']
sudo user: ansiadm
become user: root
items: 

2023-02-15 14:44:19 HKT [ Anthony_nimserver ] [ nim_mksysb_delete ] began

[ Anthony_nimserver ] [ nim_mksysb_delete ] failed

2023-02-15 14:44:31 HKT [ Anthony_nimserver ] [ nim_mksysb_delete ] ended


------------------ [ nim_mksysb_delete ] ------------------

hosts: ['Anthony_nimserver']
sudo user: ansiadm
become user: root
items: 

2023-02-15 14:46:24 HKT [ Anthony_nimserver ] [ nim_mksysb_delete ] began

[ Anthony_nimserver ] [ nim_mksysb_delete ] failed

2023-02-15 14:46:36 HKT [ Anthony_nimserver ] [ nim_mksysb_delete ] ended


------------------ [ nim_mksysb_delete ] ------------------

hosts: ['Anthony_nimserver']
sudo user: ansiadm
become user: root
items: 

2023-02-15 15:34:49 HKT [ Anthony_nimserver ] [ nim_mksysb_delete ] began

[ Anthony_nimserver ] [ nim_mksysb_delete ] failed

2023-02-15 15:35:05 HKT [ Anthony_nimserver ] [ nim_mksysb_delete ] ended


------------------ [ nim_mksysb_delete ] ------------------

hosts: ['Anthony_nimserver']
sudo user: ansiadm
become user: root
items: 

2023-02-15 15:38:34 HKT [ Anthony_nimserver ] [ nim_mksysb_delete ] began

[ Anthony_nimserver ] [ nim_mksysb_delete ] suceeded

2023-02-15 15:38:46 HKT [ Anthony_nimserver ] [ nim_mksysb_delete ] ended


------------------ [ nim_mksysb_delete ] ------------------

hosts: ['Anthony_nimserver']
sudo user: ansiadm
become user: root
items: 

2023-02-15 15:40:12 HKT [ Anthony_nimserver ] [ nim_mksysb_delete ] began

[ Anthony_nimserver ] [ nim_mksysb_delete ] failed

2023-02-15 15:40:24 HKT [ Anthony_nimserver ] [ nim_mksysb_delete ] ended


------------------ [ nim_mksysb_delete ] ------------------

hosts: ['Anthony_nimserver']
sudo user: ansiadm
become user: root
items: 

2023-02-15 15:42:06 HKT [ Anthony_nimserver ] [ nim_mksysb_delete ] began

[ Anthony_nimserver ] [ nim_mksysb_delete ] suceeded

2023-02-15 15:42:20 HKT [ Anthony_nimserver ] [ nim_mksysb_delete ] ended


------------------ [ nim_mksysb_delete ] ------------------

hosts: ['Anthony_nimserver']
sudo user: ansiadm
become user: root
items: 

2023-02-15 15:44:50 HKT [ Anthony_nimserver ] [ nim_mksysb_delete ] began

[ Anthony_nimserver ] [ nim_mksysb_delete ] suceeded

2023-02-15 15:45:03 HKT [ Anthony_nimserver ] [ nim_mksysb_delete ] ended


------------------ [ nim_mksysb_delete ] ------------------

hosts: ['Anthony_nimserver']
sudo user: ansiadm
become user: root
items: 

2023-02-15 15:46:42 HKT [ Anthony_nimserver ] [ nim_mksysb_delete ] began

[ Anthony_nimserver ] [ nim_mksysb_delete ] suceeded

2023-02-15 15:47:52 HKT [ Anthony_nimserver ] [ nim_mksysb_delete ] ended


------------------ [ nim_mksysb_delete ] ------------------

hosts: ['Anthony_nimserver']
sudo user: ansiadm
become user: root
items: 

2023-02-15 15:49:56 HKT [ Anthony_nimserver ] [ nim_mksysb_delete ] began

[ Anthony_nimserver ] [ nim_mksysb_delete ] suceeded

2023-02-15 15:50:10 HKT [ Anthony_nimserver ] [ nim_mksysb_delete ] ended


------------------ [ nim_mksysb_delete ] ------------------

hosts: ['Anthony_nimserver']
sudo user: ansiadm
become user: root
items: 

2023-02-15 15:52:31 HKT [ Anthony_nimserver ] [ nim_mksysb_delete ] began

[ Anthony_nimserver ] [ nim_mksysb_delete ] suceeded

2023-02-15 15:52:45 HKT [ Anthony_nimserver ] [ nim_mksysb_delete ] ended


------------------ [ nim_mksysb_create ] ------------------

hosts: ['Anthony_nimserver', 'Anthony_test2']
sudo user: ansiadm
become user: root
items: 

2023-02-15 15:56:00 HKT [ Anthony_nimserver ] [ nim_mksysb_create ] began

2023-02-15 15:56:00 HKT [ Anthony_test2 ] [ nim_mksysb_create ] began

[ Anthony_nimserver ] [ nim_mksysb_create ] suceeded

[ Anthony_test2 ] [ nim_mksysb_create ] suceeded

2023-02-15 16:00:59 HKT [ Anthony_nimserver ] [ nim_mksysb_create ] ended

2023-02-15 16:00:59 HKT [ Anthony_test2 ] [ nim_mksysb_create ] ended


------------------ [ nim_spot_create ] ------------------

hosts: ['Anthony_nimserver']
sudo user: ansiadm
become user: root
items: 

2023-02-15 16:07:38 HKT [ Anthony_nimserver ] [ nim_spot_create ] began

[ Anthony_nimserver ] [ nim_spot_create ] suceeded

2023-02-15 16:11:41 HKT [ Anthony_nimserver ] [ nim_spot_create ] ended


------------------ [ alt_disk_list ] ------------------

hosts: ['Anthony_nimserver', 'Anthony_test2']
sudo user: ansiadm
become user: root
items: 

2023-02-16 15:50:29 HKT [ Anthony_nimserver ] [ alt_disk_list ] began

2023-02-16 15:50:29 HKT [ Anthony_test2 ] [ alt_disk_list ] began

[ Anthony_nimserver ] [ alt_disk_list ] suceeded

[ Anthony_test2 ] [ alt_disk_list ] suceeded

2023-02-16 15:50:39 HKT [ Anthony_nimserver ] [ alt_disk_list ] ended

2023-02-16 15:50:39 HKT [ Anthony_test2 ] [ alt_disk_list ] ended


------------------ [ alt_disk_clean ] ------------------

hosts: ['Anthony_nimserver', 'Anthony_test2']
sudo user: ansiadm
become user: root
items: 

2023-02-16 15:52:20 HKT [ Anthony_nimserver ] [ alt_disk_clean ] began

2023-02-16 15:52:21 HKT [ Anthony_test2 ] [ alt_disk_clean ] began

[ Anthony_nimserver ] [ alt_disk_clean ] suceeded

[ Anthony_test2 ] [ alt_disk_clean ] suceeded

2023-02-16 15:52:31 HKT [ Anthony_nimserver ] [ alt_disk_clean ] ended

2023-02-16 15:52:31 HKT [ Anthony_test2 ] [ alt_disk_clean ] ended


------------------ [ alt_disk_list ] ------------------

hosts: ['Anthony_nimserver', 'Anthony_test2']
sudo user: ansiadm
become user: root
items: 

2023-02-16 15:56:20 HKT [ Anthony_nimserver ] [ alt_disk_list ] began

2023-02-16 15:56:20 HKT [ Anthony_test2 ] [ alt_disk_list ] began

[ Anthony_nimserver ] [ alt_disk_list ] suceeded

[ Anthony_test2 ] [ alt_disk_list ] suceeded

2023-02-16 15:56:28 HKT [ Anthony_nimserver ] [ alt_disk_list ] ended

2023-02-16 15:56:28 HKT [ Anthony_test2 ] [ alt_disk_list ] ended


------------------ [ alt_disk_copy ] ------------------

hosts: ['Anthony_nimserver', 'Anthony_test2']
sudo user: ansiadm
become user: root
items: 

2023-02-16 16:24:40 HKT [ Anthony_nimserver ] [ alt_disk_copy ] began

2023-02-16 16:24:40 HKT [ Anthony_test2 ] [ alt_disk_copy ] began

[ Anthony_nimserver ] [ alt_disk_copy ] suceeded

[ Anthony_test2 ] [ alt_disk_copy ] suceeded

2023-02-16 16:29:29 HKT [ Anthony_nimserver ] [ alt_disk_copy ] ended

2023-02-16 16:29:29 HKT [ Anthony_test2 ] [ alt_disk_copy ] ended


------------------ [ alt_disk_list ] ------------------

hosts: ['Anthony_nimserver', 'Anthony_test2']
sudo user: ansiadm
become user: root
items: 

2023-02-16 16:54:58 HKT [ Anthony_nimserver ] [ alt_disk_list ] began

2023-02-16 16:54:58 HKT [ Anthony_test2 ] [ alt_disk_list ] began

[ Anthony_nimserver ] [ alt_disk_list ] suceeded

[ Anthony_test2 ] [ alt_disk_list ] suceeded

2023-02-16 16:55:08 HKT [ Anthony_nimserver ] [ alt_disk_list ] ended

2023-02-16 16:55:08 HKT [ Anthony_test2 ] [ alt_disk_list ] ended


------------------ [ alt_disk_list ] ------------------

hosts: ['Anthony_test2']
sudo user: ansiadm
become user: root
items: 

2023-03-15 15:52:36 HKT [ Anthony_test2 ] [ alt_disk_list ] began

[ Anthony_test2 ] [ alt_disk_list ] suceeded

2023-03-15 15:52:42 HKT [ Anthony_test2 ] [ alt_disk_list ] ended


------------------ [ alt_disk_list ] ------------------

hosts: ['Anthony_nimserver', 'Anthony_test2']
sudo user: ansiadm
become user: root
items: 

2023-03-15 15:57:53 HKT [ Anthony_nimserver ] [ alt_disk_list ] began

2023-03-15 15:57:53 HKT [ Anthony_test2 ] [ alt_disk_list ] began

[ Anthony_nimserver ] [ alt_disk_list ] suceeded

[ Anthony_test2 ] [ alt_disk_list ] suceeded

2023-03-15 15:58:02 HKT [ Anthony_nimserver ] [ alt_disk_list ] ended

2023-03-15 15:58:02 HKT [ Anthony_test2 ] [ alt_disk_list ] ended


------------------ [ alt_disk_list ] ------------------

hosts: ['Anthony_nimserver', 'Anthony_test2']
sudo user: ansiadm
become user: root
items: 

2023-03-20 14:15:40 HKT [ Anthony_test2 ] [ alt_disk_list ] began

2023-03-20 14:15:40 HKT [ Anthony_nimserver ] [ alt_disk_list ] began

[ Anthony_nimserver ] [ alt_disk_list ] suceeded

[ Anthony_test2 ] [ alt_disk_list ] suceeded

2023-03-20 14:15:48 HKT [ Anthony_nimserver ] [ alt_disk_list ] ended

2023-03-20 14:15:48 HKT [ Anthony_test2 ] [ alt_disk_list ] ended


------------------ [ alt_disk_list ] ------------------

hosts: ['Anthony_nimserver', 'Anthony_test2']
sudo user: ansiadm
become user: root
items: 

2023-03-22 16:13:32 HKT [ Anthony_nimserver ] [ alt_disk_list ] began

2023-03-22 16:13:32 HKT [ Anthony_test2 ] [ alt_disk_list ] began

[ Anthony_nimserver ] [ alt_disk_list ] suceeded

[ Anthony_test2 ] [ alt_disk_list ] suceeded

2023-03-22 16:13:40 HKT [ Anthony_nimserver ] [ alt_disk_list ] ended

2023-03-22 16:13:41 HKT [ Anthony_test2 ] [ alt_disk_list ] ended


------------------ [ alt_disk_copy ] ------------------

hosts: ['Anthony_nimserver', 'Anthony_test2']
sudo user: ansiadm
become user: root
items: 

2023-03-23 15:32:40 HKT [ Anthony_nimserver ] [ alt_disk_copy ] began

2023-03-23 15:32:41 HKT [ Anthony_test2 ] [ alt_disk_copy ] began

[ Anthony_nimserver ] [ alt_disk_copy ] failed

[ Anthony_test2 ] [ alt_disk_copy ] failed

2023-03-23 15:32:52 HKT [ Anthony_nimserver ] [ alt_disk_copy ] ended

2023-03-23 15:32:52 HKT [ Anthony_test2 ] [ alt_disk_copy ] ended


------------------ [ alt_disk_copy ] ------------------

hosts: ['Anthony_nimserver', 'Anthony_test2']
sudo user: ansiadm
become user: root
items: 

2023-03-23 15:34:31 HKT [ Anthony_nimserver ] [ alt_disk_copy ] began

2023-03-23 15:34:31 HKT [ Anthony_test2 ] [ alt_disk_copy ] began

[ Anthony_nimserver ] [ alt_disk_copy ] suceeded

[ Anthony_test2 ] [ alt_disk_copy ] suceeded

2023-03-23 15:41:57 HKT [ Anthony_nimserver ] [ alt_disk_copy ] ended

2023-03-23 15:41:57 HKT [ Anthony_test2 ] [ alt_disk_copy ] ended


------------------ [ alt_disk_copy ] ------------------

hosts: ['Anthony_nimserver', 'Anthony_test2']
sudo user: ansiadm
become user: root
items: 

2023-03-23 15:48:15 HKT [ Anthony_nimserver ] [ alt_disk_copy ] began

2023-03-23 15:48:15 HKT [ Anthony_test2 ] [ alt_disk_copy ] began

[ Anthony_nimserver ] [ alt_disk_copy ] suceeded

[ Anthony_test2 ] [ alt_disk_copy ] suceeded

2023-03-23 15:48:25 HKT [ Anthony_nimserver ] [ alt_disk_copy ] ended

2023-03-23 15:48:25 HKT [ Anthony_test2 ] [ alt_disk_copy ] ended


------------------ [ alt_disk_copy ] ------------------

hosts: ['Anthony_nimserver', 'Anthony_test2']
sudo user: ansiadm
become user: root
items: 

2023-03-23 15:58:39 HKT [ Anthony_nimserver ] [ alt_disk_copy ] began

2023-03-23 15:58:39 HKT [ Anthony_test2 ] [ alt_disk_copy ] began

[ Anthony_nimserver ] [ alt_disk_copy ] suceeded

[ Anthony_test2 ] [ alt_disk_copy ] suceeded

2023-03-23 15:58:51 HKT [ Anthony_nimserver ] [ alt_disk_copy ] ended

2023-03-23 15:58:51 HKT [ Anthony_test2 ] [ alt_disk_copy ] ended


------------------ [ alt_disk_copy ] ------------------

hosts: ['Anthony_nimserver', 'Anthony_test2']
sudo user: ansiadm
become user: root
items: 

2023-03-23 16:08:32 HKT [ Anthony_nimserver ] [ alt_disk_copy ] began

2023-03-23 16:08:32 HKT [ Anthony_test2 ] [ alt_disk_copy ] began

[ Anthony_nimserver ] [ alt_disk_copy ] failed

[ Anthony_test2 ] [ alt_disk_copy ] failed

2023-03-23 16:08:41 HKT [ Anthony_nimserver ] [ alt_disk_copy ] ended

2023-03-23 16:08:42 HKT [ Anthony_test2 ] [ alt_disk_copy ] ended


------------------ [ alt_disk_copy ] ------------------

hosts: ['Anthony_nimserver', 'Anthony_test2']
sudo user: ansiadm
become user: root
items: 

2023-03-23 16:12:33 HKT [ Anthony_nimserver ] [ alt_disk_copy ] began

2023-03-23 16:12:33 HKT [ Anthony_test2 ] [ alt_disk_copy ] began

[ Anthony_test2 ] [ alt_disk_copy ] suceeded

[ Anthony_nimserver ] [ alt_disk_copy ] suceeded

2023-03-23 16:12:46 HKT [ Anthony_nimserver ] [ alt_disk_copy ] ended

2023-03-23 16:12:46 HKT [ Anthony_test2 ] [ alt_disk_copy ] ended


------------------ [ nim_mksysb_create ] ------------------

hosts: ['Anthony_nimserver', 'Anthony_test2']
sudo user: ansiadm
become user: root
items: 

2023-03-23 16:15:55 HKT [ Anthony_nimserver ] [ nim_mksysb_create ] began

2023-03-23 16:15:55 HKT [ Anthony_test2 ] [ nim_mksysb_create ] began

[ Anthony_nimserver ] [ nim_mksysb_create ] suceeded

[ Anthony_test2 ] [ nim_mksysb_create ] suceeded

2023-03-23 16:21:05 HKT [ Anthony_nimserver ] [ nim_mksysb_create ] ended

2023-03-23 16:21:05 HKT [ Anthony_test2 ] [ nim_mksysb_create ] ended


------------------ [ nim_mksysb_list ] ------------------

hosts: ['Anthony_nimserver']
sudo user: ansiadm
become user: root
items: 

2023-03-23 16:22:03 HKT [ Anthony_nimserver ] [ nim_mksysb_list ] began

[ Anthony_nimserver ] [ nim_mksysb_list ] suceeded

2023-03-23 16:22:11 HKT [ Anthony_nimserver ] [ nim_mksysb_list ] ended


------------------ [ alt_disk_copy ] ------------------

hosts: ['Anthony_nimserver', 'Anthony_test2']
sudo user: ansiadm
become user: root
items: 

2023-03-23 16:37:11 HKT [ Anthony_nimserver ] [ alt_disk_copy ] began

2023-03-23 16:37:11 HKT [ Anthony_test2 ] [ alt_disk_copy ] began

[ Anthony_nimserver ] [ alt_disk_copy ] suceeded

[ Anthony_test2 ] [ alt_disk_copy ] suceeded

2023-03-23 16:37:23 HKT [ Anthony_nimserver ] [ alt_disk_copy ] ended

2023-03-23 16:37:23 HKT [ Anthony_test2 ] [ alt_disk_copy ] ended


------------------ [ alt_disk_copy ] ------------------

hosts: ['Anthony_nimserver', 'Anthony_test2']
sudo user: ansiadm
become user: root
items: 

2023-03-23 17:11:21 HKT [ Anthony_nimserver ] [ alt_disk_copy ] began

2023-03-23 17:11:21 HKT [ Anthony_test2 ] [ alt_disk_copy ] began

[ Anthony_nimserver ] [ alt_disk_copy ] suceeded

[ Anthony_test2 ] [ alt_disk_copy ] suceeded

2023-03-23 17:11:34 HKT [ Anthony_nimserver ] [ alt_disk_copy ] ended

2023-03-23 17:11:34 HKT [ Anthony_test2 ] [ alt_disk_copy ] ended


------------------ [ alt_disk_copy ] ------------------

hosts: ['Anthony_nimserver', 'Anthony_test2']
sudo user: ansiadm
become user: root
items: 

2023-03-24 11:09:00 HKT [ Anthony_nimserver ] [ alt_disk_copy ] began

2023-03-24 11:09:00 HKT [ Anthony_test2 ] [ alt_disk_copy ] began


------------------ [ alt_disk_copy ] ------------------

hosts: ['Anthony_nimserver', 'Anthony_test2']
sudo user: ansiadm
become user: root
items: 

2023-03-24 15:16:42 HKT [ Anthony_nimserver ] [ alt_disk_copy ] began

2023-03-24 15:16:42 HKT [ Anthony_test2 ] [ alt_disk_copy ] began

[ Anthony_nimserver ] [ alt_disk_copy ] suceeded

[ Anthony_test2 ] [ alt_disk_copy ] suceeded

2023-03-24 15:16:53 HKT [ Anthony_nimserver ] [ alt_disk_copy ] ended

2023-03-24 15:16:53 HKT [ Anthony_test2 ] [ alt_disk_copy ] ended


------------------ [ alt_disk_copy ] ------------------

hosts: ['Anthony_nimserver', 'Anthony_test2']
sudo user: ansiadm
become user: root
items: 

2023-03-24 15:27:38 HKT [ Anthony_nimserver ] [ alt_disk_copy ] began

2023-03-24 15:27:38 HKT [ Anthony_test2 ] [ alt_disk_copy ] began

[ Anthony_nimserver ] [ alt_disk_copy ] suceeded

[ Anthony_test2 ] [ alt_disk_copy ] suceeded

2023-03-24 15:34:36 HKT [ Anthony_nimserver ] [ alt_disk_copy ] ended

2023-03-24 15:34:36 HKT [ Anthony_test2 ] [ alt_disk_copy ] ended


------------------ [ alt_disk_list ] ------------------

hosts: ['Anthony_nimserver', 'Anthony_test2']
sudo user: ansiadm
become user: root
items: 

2023-03-24 16:20:01 HKT [ Anthony_nimserver ] [ alt_disk_list ] began

2023-03-24 16:20:01 HKT [ Anthony_test2 ] [ alt_disk_list ] began

[ Anthony_test2 ] [ alt_disk_list ] suceeded

[ Anthony_nimserver ] [ alt_disk_list ] suceeded

2023-03-24 16:20:10 HKT [ Anthony_nimserver ] [ alt_disk_list ] ended

2023-03-24 16:20:10 HKT [ Anthony_test2 ] [ alt_disk_list ] ended


------------------ [ alt_disk_clean ] ------------------

hosts: ['Anthony_nimserver', 'Anthony_test2']
sudo user: ansiadm
become user: root
items: 

2023-03-24 16:22:21 HKT [ Anthony_test2 ] [ alt_disk_clean ] began

2023-03-24 16:22:21 HKT [ Anthony_nimserver ] [ alt_disk_clean ] began

[ Anthony_nimserver ] [ alt_disk_clean ] suceeded

[ Anthony_test2 ] [ alt_disk_clean ] suceeded

2023-03-24 16:22:33 HKT [ Anthony_nimserver ] [ alt_disk_clean ] ended

2023-03-24 16:22:33 HKT [ Anthony_test2 ] [ alt_disk_clean ] ended


------------------ [ alt_disk_list ] ------------------

hosts: ['Anthony_nimserver', 'Anthony_test2']
sudo user: ansiadm
become user: root
items: 

2023-03-24 16:25:45 HKT [ Anthony_nimserver ] [ alt_disk_list ] began

2023-03-24 16:25:45 HKT [ Anthony_test2 ] [ alt_disk_list ] began

[ Anthony_nimserver ] [ alt_disk_list ] suceeded

[ Anthony_test2 ] [ alt_disk_list ] suceeded

2023-03-24 16:25:55 HKT [ Anthony_nimserver ] [ alt_disk_list ] ended

2023-03-24 16:25:55 HKT [ Anthony_test2 ] [ alt_disk_list ] ended


------------------ [ alt_disk_copy ] ------------------

hosts: ['Anthony_nimserver', 'Anthony_test2']
sudo user: ansiadm
become user: root
items: 

2023-03-24 17:33:45 HKT [ Anthony_nimserver ] [ alt_disk_copy ] began

2023-03-24 17:33:45 HKT [ Anthony_test2 ] [ alt_disk_copy ] began


------------------ [ alt_disk_copy ] ------------------

hosts: ['Anthony_nimserver', 'Anthony_test2']
sudo user: ansiadm
become user: root
items: 

2023-03-24 17:39:18 HKT [ Anthony_nimserver ] [ alt_disk_copy ] began

2023-03-24 17:39:18 HKT [ Anthony_test2 ] [ alt_disk_copy ] began


------------------ [ alt_disk_copy ] ------------------

hosts: ['Anthony_nimserver', 'Anthony_test2']
sudo user: ansiadm
become user: root
items: 

2023-03-24 18:21:59 HKT [ Anthony_test2 ] [ alt_disk_copy ] began

2023-03-24 18:21:59 HKT [ Anthony_nimserver ] [ alt_disk_copy ] began


------------------ [ alt_disk_copy ] ------------------

hosts: ['Anthony_nimserver', 'Anthony_test2']
sudo user: ansiadm
become user: root
items: 

2023-03-24 18:22:57 HKT [ Anthony_nimserver ] [ alt_disk_copy ] began

2023-03-24 18:22:57 HKT [ Anthony_test2 ] [ alt_disk_copy ] began


------------------ [ alt_disk_copy ] ------------------

hosts: ['Anthony_nimserver', 'Anthony_test2']
sudo user: ansiadm
become user: root
items: 

2023-03-24 18:23:58 HKT [ Anthony_nimserver ] [ alt_disk_copy ] began

2023-03-24 18:23:58 HKT [ Anthony_test2 ] [ alt_disk_copy ] began


------------------ [ alt_disk_copy ] ------------------

hosts: ['Anthony_nimserver', 'Anthony_test2']
sudo user: ansiadm
become user: root
items: 

2023-03-24 18:24:49 HKT [ Anthony_nimserver ] [ alt_disk_copy ] began

2023-03-24 18:24:49 HKT [ Anthony_test2 ] [ alt_disk_copy ] began


------------------ [ alt_disk_list ] ------------------

hosts: ['Anthony_nimserver', 'Anthony_test2']
sudo user: ansiadm
become user: root
items: 

2023-03-25 10:30:03 HKT [ Anthony_nimserver ] [ alt_disk_list ] began

2023-03-25 10:30:03 HKT [ Anthony_test2 ] [ alt_disk_list ] began

[ Anthony_nimserver ] [ alt_disk_list ] suceeded

[ Anthony_test2 ] [ alt_disk_list ] suceeded

2023-03-25 10:30:13 HKT [ Anthony_nimserver ] [ alt_disk_list ] ended

2023-03-25 10:30:13 HKT [ Anthony_test2 ] [ alt_disk_list ] ended


------------------ [ alt_disk_copy ] ------------------

hosts: ['Anthony_nimserver', 'Anthony_test2']
sudo user: ansiadm
become user: root
items: 

2023-03-25 11:31:11 HKT [ Anthony_nimserver ] [ alt_disk_copy ] began

2023-03-25 11:31:11 HKT [ Anthony_test2 ] [ alt_disk_copy ] began

[ Anthony_nimserver ] [ alt_disk_copy ] failed

[ Anthony_test2 ] [ alt_disk_copy ] failed

2023-03-25 11:31:18 HKT [ Anthony_test2 ] [ alt_disk_copy ] ended

2023-03-25 11:31:18 HKT [ Anthony_nimserver ] [ alt_disk_copy ] ended


------------------ [ alt_disk_copy ] ------------------

hosts: ['Anthony_nimserver', 'Anthony_test2']
sudo user: ansiadm
become user: root
items: 

2023-03-25 11:34:38 HKT [ Anthony_nimserver ] [ alt_disk_copy ] began

2023-03-25 11:34:38 HKT [ Anthony_test2 ] [ alt_disk_copy ] began

[ Anthony_nimserver ] [ alt_disk_copy ] failed

[ Anthony_test2 ] [ alt_disk_copy ] failed

2023-03-25 11:34:46 HKT [ Anthony_nimserver ] [ alt_disk_copy ] ended

2023-03-25 11:34:46 HKT [ Anthony_test2 ] [ alt_disk_copy ] ended


------------------ [ alt_disk_copy ] ------------------

hosts: ['Anthony_nimserver', 'Anthony_test2']
sudo user: ansiadm
become user: root
items: 

2023-03-25 11:36:53 HKT [ Anthony_nimserver ] [ alt_disk_copy ] began

2023-03-25 11:36:53 HKT [ Anthony_test2 ] [ alt_disk_copy ] began


------------------ [ alt_disk_copy ] ------------------

hosts: ['Anthony_nimserver', 'Anthony_test2']
sudo user: ansiadm
become user: root
items: 

2023-03-25 13:10:43 HKT [ Anthony_nimserver ] [ alt_disk_copy ] began

2023-03-25 13:10:43 HKT [ Anthony_test2 ] [ alt_disk_copy ] began

[ Anthony_nimserver ] [ alt_disk_copy ] failed

[ Anthony_test2 ] [ alt_disk_copy ] failed

2023-03-25 13:10:56 HKT [ Anthony_test2 ] [ alt_disk_copy ] ended

2023-03-25 13:10:56 HKT [ Anthony_nimserver ] [ alt_disk_copy ] ended


------------------ [ alt_disk_copy ] ------------------

hosts: ['Anthony_nimserver', 'Anthony_test2']
sudo user: ansiadm
become user: root
items: 

2023-03-25 13:14:16 HKT [ Anthony_nimserver ] [ alt_disk_copy ] began

2023-03-25 13:14:16 HKT [ Anthony_test2 ] [ alt_disk_copy ] began

[ Anthony_nimserver ] [ alt_disk_copy ] failed

[ Anthony_test2 ] [ alt_disk_copy ] failed

2023-03-25 13:14:28 HKT [ Anthony_nimserver ] [ alt_disk_copy ] ended

2023-03-25 13:14:28 HKT [ Anthony_test2 ] [ alt_disk_copy ] ended


------------------ [ alt_disk_copy ] ------------------

hosts: ['Anthony_nimserver', 'Anthony_test2']
sudo user: ansiadm
become user: root
items: 

2023-03-25 13:21:11 HKT [ Anthony_nimserver ] [ alt_disk_copy ] began

2023-03-25 13:21:11 HKT [ Anthony_test2 ] [ alt_disk_copy ] began

[ Anthony_nimserver ] [ alt_disk_copy ] failed

[ Anthony_test2 ] [ alt_disk_copy ] failed

2023-03-25 13:21:25 HKT [ Anthony_nimserver ] [ alt_disk_copy ] ended

2023-03-25 13:21:25 HKT [ Anthony_test2 ] [ alt_disk_copy ] ended


------------------ [ alt_disk_copy ] ------------------

hosts: ['Anthony_nimserver', 'Anthony_test2']
sudo user: ansiadm
become user: root
items: 

2023-03-25 13:25:40 HKT [ Anthony_nimserver ] [ alt_disk_copy ] began

2023-03-25 13:25:40 HKT [ Anthony_test2 ] [ alt_disk_copy ] began

[ Anthony_nimserver ] [ alt_disk_copy ] failed

[ Anthony_test2 ] [ alt_disk_copy ] failed

2023-03-25 13:25:53 HKT [ Anthony_nimserver ] [ alt_disk_copy ] ended

2023-03-25 13:25:53 HKT [ Anthony_test2 ] [ alt_disk_copy ] ended


------------------ [ alt_disk_copy ] ------------------

hosts: ['Anthony_nimserver', 'Anthony_test2']
sudo user: ansiadm
become user: root
items: 

2023-03-25 13:28:25 HKT [ Anthony_nimserver ] [ alt_disk_copy ] began

2023-03-25 13:28:25 HKT [ Anthony_test2 ] [ alt_disk_copy ] began

[ Anthony_nimserver ] [ alt_disk_copy ] suceeded

[ Anthony_test2 ] [ alt_disk_copy ] suceeded

2023-03-25 13:28:37 HKT [ Anthony_test2 ] [ alt_disk_copy ] ended

2023-03-25 13:28:37 HKT [ Anthony_nimserver ] [ alt_disk_copy ] ended


------------------ [ alt_disk_copy ] ------------------

hosts: ['Anthony_nimserver', 'Anthony_test2']
sudo user: ansiadm
become user: root
items: 

2023-03-25 13:31:03 HKT [ Anthony_nimserver ] [ alt_disk_copy ] began

2023-03-25 13:31:03 HKT [ Anthony_test2 ] [ alt_disk_copy ] began

[ Anthony_nimserver ] [ alt_disk_copy ] suceeded

[ Anthony_test2 ] [ alt_disk_copy ] suceeded

2023-03-25 13:31:14 HKT [ Anthony_nimserver ] [ alt_disk_copy ] ended

2023-03-25 13:31:14 HKT [ Anthony_test2 ] [ alt_disk_copy ] ended


------------------ [ alt_disk_copy ] ------------------

hosts: ['Anthony_nimserver', 'Anthony_test2']
sudo user: ansiadm
become user: root
items: 

2023-03-25 13:32:34 HKT [ Anthony_test2 ] [ alt_disk_copy ] began

2023-03-25 13:32:34 HKT [ Anthony_nimserver ] [ alt_disk_copy ] began

[ Anthony_test2 ] [ alt_disk_copy ] failed

[ Anthony_nimserver ] [ alt_disk_copy ] failed

2023-03-25 13:32:47 HKT [ Anthony_nimserver ] [ alt_disk_copy ] ended

2023-03-25 13:32:47 HKT [ Anthony_test2 ] [ alt_disk_copy ] ended


------------------ [ alt_disk_copy ] ------------------

hosts: ['Anthony_nimserver', 'Anthony_test2']
sudo user: ansiadm
become user: root
items: 

2023-03-25 13:33:31 HKT [ Anthony_nimserver ] [ alt_disk_copy ] began

2023-03-25 13:33:31 HKT [ Anthony_test2 ] [ alt_disk_copy ] began

[ Anthony_nimserver ] [ alt_disk_copy ] failed

[ Anthony_test2 ] [ alt_disk_copy ] failed

2023-03-25 13:33:42 HKT [ Anthony_nimserver ] [ alt_disk_copy ] ended

2023-03-25 13:33:42 HKT [ Anthony_test2 ] [ alt_disk_copy ] ended


------------------ [ alt_disk_copy ] ------------------

hosts: ['Anthony_nimserver', 'Anthony_test2']
sudo user: ansiadm
become user: root
items: 

2023-03-25 13:50:41 HKT [ Anthony_nimserver ] [ alt_disk_copy ] began

2023-03-25 13:50:41 HKT [ Anthony_test2 ] [ alt_disk_copy ] began

[ Anthony_nimserver ] [ alt_disk_copy ] failed

[ Anthony_test2 ] [ alt_disk_copy ] failed

2023-03-25 13:50:54 HKT [ Anthony_nimserver ] [ alt_disk_copy ] ended

2023-03-25 13:50:54 HKT [ Anthony_test2 ] [ alt_disk_copy ] ended


------------------ [ alt_disk_copy ] ------------------

hosts: ['Anthony_nimserver', 'Anthony_test2']
sudo user: ansiadm
become user: root
items: 

2023-03-25 14:05:11 HKT [ Anthony_nimserver ] [ alt_disk_copy ] began

2023-03-25 14:05:11 HKT [ Anthony_test2 ] [ alt_disk_copy ] began

[ Anthony_nimserver ] [ alt_disk_copy ] failed

[ Anthony_test2 ] [ alt_disk_copy ] failed

2023-03-25 14:05:24 HKT [ Anthony_nimserver ] [ alt_disk_copy ] ended

2023-03-25 14:05:24 HKT [ Anthony_test2 ] [ alt_disk_copy ] ended


------------------ [ alt_disk_copy ] ------------------

hosts: ['Anthony_nimserver', 'Anthony_test2']
sudo user: ansiadm
become user: root
items: 

2023-03-25 14:37:08 HKT [ Anthony_nimserver ] [ alt_disk_copy ] began

2023-03-25 14:37:08 HKT [ Anthony_test2 ] [ alt_disk_copy ] began

[ Anthony_nimserver ] [ alt_disk_copy ] failed

[ Anthony_test2 ] [ alt_disk_copy ] failed

2023-03-25 14:37:21 HKT [ Anthony_nimserver ] [ alt_disk_copy ] ended

2023-03-25 14:37:21 HKT [ Anthony_test2 ] [ alt_disk_copy ] ended


------------------ [ alt_disk_copy ] ------------------

hosts: ['Anthony_nimserver', 'Anthony_test2']
sudo user: ansiadm
become user: root
items: 

2023-03-25 15:16:04 HKT [ Anthony_test2 ] [ alt_disk_copy ] began

2023-03-25 15:16:04 HKT [ Anthony_nimserver ] [ alt_disk_copy ] began

[ Anthony_nimserver ] [ alt_disk_copy ] suceeded

[ Anthony_test2 ] [ alt_disk_copy ] suceeded

2023-03-25 15:22:32 HKT [ Anthony_nimserver ] [ alt_disk_copy ] ended

2023-03-25 15:22:32 HKT [ Anthony_test2 ] [ alt_disk_copy ] ended


------------------ [ alt_disk_copy ] ------------------

hosts: ['Anthony_nimserver', 'Anthony_test2']
sudo user: ansiadm
become user: root
items: 

2023-03-25 15:54:31 HKT [ Anthony_nimserver ] [ alt_disk_copy ] began

2023-03-25 15:54:31 HKT [ Anthony_test2 ] [ alt_disk_copy ] began

[ Anthony_test2 ] [ alt_disk_copy ] failed

[ Anthony_nimserver ] [ alt_disk_copy ] failed

2023-03-25 15:54:45 HKT [ Anthony_nimserver ] [ alt_disk_copy ] ended

2023-03-25 15:54:45 HKT [ Anthony_test2 ] [ alt_disk_copy ] ended


------------------ [ alt_disk_copy ] ------------------

hosts: ['Anthony_nimserver', 'Anthony_test2']
sudo user: ansiadm
become user: root
items: 

2023-03-25 15:58:27 HKT [ Anthony_nimserver ] [ alt_disk_copy ] began

2023-03-25 15:58:27 HKT [ Anthony_test2 ] [ alt_disk_copy ] began

[ Anthony_test2 ] [ alt_disk_copy ] suceeded

[ Anthony_nimserver ] [ alt_disk_copy ] suceeded

2023-03-25 16:04:58 HKT [ Anthony_nimserver ] [ alt_disk_copy ] ended

2023-03-25 16:04:58 HKT [ Anthony_test2 ] [ alt_disk_copy ] ended


------------------ [ alt_disk_clean ] ------------------

hosts: ['Anthony_nimserver', 'Anthony_test2']
sudo user: ansiadm
become user: root
items: 

2023-03-25 16:06:31 HKT [ Anthony_nimserver ] [ alt_disk_clean ] began

2023-03-25 16:06:31 HKT [ Anthony_test2 ] [ alt_disk_clean ] began

[ Anthony_nimserver ] [ alt_disk_clean ] suceeded

[ Anthony_test2 ] [ alt_disk_clean ] suceeded

2023-03-25 16:06:43 HKT [ Anthony_nimserver ] [ alt_disk_clean ] ended

2023-03-25 16:06:43 HKT [ Anthony_test2 ] [ alt_disk_clean ] ended


------------------ [ alt_disk_clean ] ------------------

hosts: ['Anthony_nimserver', 'Anthony_test2']
sudo user: ansiadm
become user: root
items: 

2023-03-25 16:07:32 HKT [ Anthony_nimserver ] [ alt_disk_clean ] began

2023-03-25 16:07:32 HKT [ Anthony_test2 ] [ alt_disk_clean ] began

[ Anthony_nimserver ] [ alt_disk_clean ] suceeded

[ Anthony_test2 ] [ alt_disk_clean ] suceeded

2023-03-25 16:07:42 HKT [ Anthony_test2 ] [ alt_disk_clean ] ended

2023-03-25 16:07:42 HKT [ Anthony_nimserver ] [ alt_disk_clean ] ended


------------------ [ alt_disk_copy ] ------------------

hosts: ['Anthony_nimserver', 'Anthony_test2']
sudo user: ansiadm
become user: root
items: 

2023-03-25 16:09:44 HKT [ Anthony_test2 ] [ alt_disk_copy ] began

2023-03-25 16:09:44 HKT [ Anthony_nimserver ] [ alt_disk_copy ] began

[ Anthony_nimserver ] [ alt_disk_copy ] failed

[ Anthony_test2 ] [ alt_disk_copy ] failed

2023-03-25 16:09:57 HKT [ Anthony_test2 ] [ alt_disk_copy ] ended

2023-03-25 16:09:57 HKT [ Anthony_nimserver ] [ alt_disk_copy ] ended


------------------ [ alt_disk_copy ] ------------------

hosts: ['Anthony_nimserver', 'Anthony_test2']
sudo user: ansiadm
become user: root
items: 

2023-03-25 16:10:56 HKT [ Anthony_test2 ] [ alt_disk_copy ] began

2023-03-25 16:10:56 HKT [ Anthony_nimserver ] [ alt_disk_copy ] began

[ Anthony_nimserver ] [ alt_disk_copy ] suceeded

[ Anthony_test2 ] [ alt_disk_copy ] suceeded

2023-03-25 16:17:19 HKT [ Anthony_nimserver ] [ alt_disk_copy ] ended

2023-03-25 16:17:19 HKT [ Anthony_test2 ] [ alt_disk_copy ] ended


------------------ [ alt_disk_clean ] ------------------

hosts: ['Anthony_nimserver', 'Anthony_test2']
sudo user: ansiadm
become user: root
items: 

2023-03-25 16:20:30 HKT [ Anthony_nimserver ] [ alt_disk_clean ] began

2023-03-25 16:20:30 HKT [ Anthony_test2 ] [ alt_disk_clean ] began

[ Anthony_nimserver ] [ alt_disk_clean ] failed

[ Anthony_test2 ] [ alt_disk_clean ] failed

2023-03-25 16:20:35 HKT [ Anthony_nimserver ] [ alt_disk_clean ] ended

2023-03-25 16:20:35 HKT [ Anthony_test2 ] [ alt_disk_clean ] ended


------------------ [ alt_disk_clean ] ------------------

hosts: ['Anthony_nimserver', 'Anthony_test2']
sudo user: ansiadm
become user: root
items: 

2023-03-25 16:37:34 HKT [ Anthony_nimserver ] [ alt_disk_clean ] began

2023-03-25 16:37:34 HKT [ Anthony_test2 ] [ alt_disk_clean ] began

[ Anthony_nimserver ] [ alt_disk_clean ] failed

[ Anthony_test2 ] [ alt_disk_clean ] failed

2023-03-25 16:37:40 HKT [ Anthony_nimserver ] [ alt_disk_clean ] ended

2023-03-25 16:37:40 HKT [ Anthony_test2 ] [ alt_disk_clean ] ended


------------------ [ alt_disk_clean ] ------------------

hosts: ['Anthony_nimserver', 'Anthony_test2']
sudo user: ansiadm
become user: root
items: 

2023-03-25 16:38:30 HKT [ Anthony_nimserver ] [ alt_disk_clean ] began

2023-03-25 16:38:30 HKT [ Anthony_test2 ] [ alt_disk_clean ] began

[ Anthony_nimserver ] [ alt_disk_clean ] failed

[ Anthony_test2 ] [ alt_disk_clean ] failed

2023-03-25 16:38:35 HKT [ Anthony_nimserver ] [ alt_disk_clean ] ended

2023-03-25 16:38:35 HKT [ Anthony_test2 ] [ alt_disk_clean ] ended


------------------ [ alt_disk_clean ] ------------------

hosts: ['Anthony_nimserver', 'Anthony_test2']
sudo user: ansiadm
become user: root
items: 

2023-03-25 16:39:14 HKT [ Anthony_nimserver ] [ alt_disk_clean ] began

2023-03-25 16:39:14 HKT [ Anthony_test2 ] [ alt_disk_clean ] began

[ Anthony_nimserver ] [ alt_disk_clean ] failed

[ Anthony_test2 ] [ alt_disk_clean ] failed

2023-03-25 16:39:21 HKT [ Anthony_nimserver ] [ alt_disk_clean ] ended

2023-03-25 16:39:21 HKT [ Anthony_test2 ] [ alt_disk_clean ] ended


------------------ [ alt_disk_clean ] ------------------

hosts: ['Anthony_nimserver', 'Anthony_test2']
sudo user: ansiadm
become user: root
items: 

2023-03-25 16:40:45 HKT [ Anthony_nimserver ] [ alt_disk_clean ] began

2023-03-25 16:40:45 HKT [ Anthony_test2 ] [ alt_disk_clean ] began


------------------ [ alt_disk_list ] ------------------

hosts: ['Anthony_nimserver', 'Anthony_test2']
sudo user: ansiadm
become user: root
items: 

2023-03-25 16:43:39 HKT [ Anthony_nimserver ] [ alt_disk_list ] began

2023-03-25 16:43:40 HKT [ Anthony_test2 ] [ alt_disk_list ] began

[ Anthony_nimserver ] [ alt_disk_list ] suceeded

[ Anthony_test2 ] [ alt_disk_list ] suceeded

2023-03-25 16:43:49 HKT [ Anthony_nimserver ] [ alt_disk_list ] ended

2023-03-25 16:43:49 HKT [ Anthony_test2 ] [ alt_disk_list ] ended


------------------ [ alt_disk_copy ] ------------------

hosts: ['Anthony_nimserver', 'Anthony_test2']
sudo user: ansiadm
become user: root
items: 

2023-03-25 16:44:19 HKT [ Anthony_nimserver ] [ alt_disk_copy ] began

2023-03-25 16:44:19 HKT [ Anthony_test2 ] [ alt_disk_copy ] began

[ Anthony_nimserver ] [ alt_disk_copy ] suceeded

[ Anthony_test2 ] [ alt_disk_copy ] suceeded

2023-03-25 16:50:34 HKT [ Anthony_nimserver ] [ alt_disk_copy ] ended

2023-03-25 16:50:35 HKT [ Anthony_test2 ] [ alt_disk_copy ] ended


------------------ [ alt_disk_clean ] ------------------

hosts: ['Anthony_nimserver', 'Anthony_test2']
sudo user: ansiadm
become user: root
items: 

2023-03-25 16:55:19 HKT [ Anthony_nimserver ] [ alt_disk_clean ] began

2023-03-25 16:55:19 HKT [ Anthony_test2 ] [ alt_disk_clean ] began

[ Anthony_nimserver ] [ alt_disk_clean ] suceeded

[ Anthony_test2 ] [ alt_disk_clean ] suceeded

2023-03-25 16:55:35 HKT [ Anthony_nimserver ] [ alt_disk_clean ] ended

2023-03-25 16:55:35 HKT [ Anthony_test2 ] [ alt_disk_clean ] ended


------------------ [ alt_disk_list ] ------------------

hosts: ['Anthony_nimserver', 'Anthony_test2']
sudo user: ansiadm
become user: root
items: 

2023-03-27 15:16:14 HKT [ Anthony_nimserver ] [ alt_disk_list ] began

2023-03-27 15:16:14 HKT [ Anthony_test2 ] [ alt_disk_list ] began

[ Anthony_nimserver ] [ alt_disk_list ] suceeded

[ Anthony_test2 ] [ alt_disk_list ] suceeded

2023-03-27 15:16:23 HKT [ Anthony_nimserver ] [ alt_disk_list ] ended

2023-03-27 15:16:23 HKT [ Anthony_test2 ] [ alt_disk_list ] ended


------------------ [ alt_disk_copy ] ------------------

hosts: ['Anthony_nimserver', 'Anthony_test2']
sudo user: ansiadm
become user: root
items: 

2023-03-27 15:40:26 HKT [ Anthony_nimserver ] [ alt_disk_copy ] began

2023-03-27 15:40:26 HKT [ Anthony_test2 ] [ alt_disk_copy ] began

[ Anthony_nimserver ] [ alt_disk_copy ] failed

[ Anthony_test2 ] [ alt_disk_copy ] failed

2023-03-27 15:40:37 HKT [ Anthony_nimserver ] [ alt_disk_copy ] ended

2023-03-27 15:40:37 HKT [ Anthony_test2 ] [ alt_disk_copy ] ended


------------------ [ alt_disk_copy ] ------------------

hosts: ['Anthony_nimserver', 'Anthony_test2']
sudo user: ansiadm
become user: root
items: 

2023-03-27 15:42:27 HKT [ Anthony_nimserver ] [ alt_disk_copy ] began

2023-03-27 15:42:27 HKT [ Anthony_test2 ] [ alt_disk_copy ] began

[ Anthony_nimserver ] [ alt_disk_copy ] suceeded

[ Anthony_test2 ] [ alt_disk_copy ] suceeded

2023-03-27 15:48:33 HKT [ Anthony_nimserver ] [ alt_disk_copy ] ended

2023-03-27 15:48:33 HKT [ Anthony_test2 ] [ alt_disk_copy ] ended


------------------ [ alt_disk_list ] ------------------

hosts: ['Anthony_nimserver', 'Anthony_test2']
sudo user: ansiadm
become user: root
items: 

2023-03-27 15:51:11 HKT [ Anthony_nimserver ] [ alt_disk_list ] began

2023-03-27 15:51:11 HKT [ Anthony_test2 ] [ alt_disk_list ] began

[ Anthony_nimserver ] [ alt_disk_list ] suceeded

[ Anthony_test2 ] [ alt_disk_list ] suceeded

2023-03-27 15:51:20 HKT [ Anthony_nimserver ] [ alt_disk_list ] ended

2023-03-27 15:51:20 HKT [ Anthony_test2 ] [ alt_disk_list ] ended


------------------ [ alt_disk_copy ] ------------------

hosts: ['Anthony_nimserver', 'Anthony_test2']
sudo user: ansiadm
become user: root
items: 

2023-03-27 16:06:47 HKT [ Anthony_nimserver ] [ alt_disk_copy ] began

2023-03-27 16:06:47 HKT [ Anthony_test2 ] [ alt_disk_copy ] began

[ Anthony_nimserver ] [ alt_disk_copy ] suceeded

[ Anthony_test2 ] [ alt_disk_copy ] suceeded

2023-03-27 16:13:11 HKT [ Anthony_nimserver ] [ alt_disk_copy ] ended

2023-03-27 16:13:12 HKT [ Anthony_test2 ] [ alt_disk_copy ] ended


------------------ [ alt_disk_copy ] ------------------

hosts: ['Anthony_nimserver', 'Anthony_test2']
sudo user: ansiadm
become user: root
items: 

2023-03-27 16:19:15 HKT [ Anthony_nimserver ] [ alt_disk_copy ] began

2023-03-27 16:19:15 HKT [ Anthony_test2 ] [ alt_disk_copy ] began

[ Anthony_nimserver ] [ alt_disk_copy ] suceeded

[ Anthony_test2 ] [ alt_disk_copy ] suceeded

2023-03-27 16:23:32 HKT [ Anthony_nimserver ] [ alt_disk_copy ] ended

2023-03-27 16:23:32 HKT [ Anthony_test2 ] [ alt_disk_copy ] ended


------------------ [ alt_disk_list ] ------------------

hosts: ['Anthony_nimserver', 'Anthony_test2']
sudo user: ansiadm
become user: root
items: 

2023-03-27 17:05:50 HKT [ Anthony_nimserver ] [ alt_disk_list ] began

2023-03-27 17:05:50 HKT [ Anthony_test2 ] [ alt_disk_list ] began

[ Anthony_nimserver ] [ alt_disk_list ] suceeded

[ Anthony_test2 ] [ alt_disk_list ] suceeded

2023-03-27 17:05:58 HKT [ Anthony_nimserver ] [ alt_disk_list ] ended

2023-03-27 17:05:58 HKT [ Anthony_test2 ] [ alt_disk_list ] ended


------------------ [ alt_disk_clean ] ------------------

hosts: ['Anthony_nimserver', 'Anthony_test2']
sudo user: ansiadm
become user: root
items: 

2023-03-27 17:09:08 HKT [ Anthony_nimserver ] [ alt_disk_clean ] began

2023-03-27 17:09:08 HKT [ Anthony_test2 ] [ alt_disk_clean ] began

[ Anthony_test2 ] [ alt_disk_clean ] suceeded

[ Anthony_nimserver ] [ alt_disk_clean ] suceeded

2023-03-27 17:09:25 HKT [ Anthony_nimserver ] [ alt_disk_clean ] ended

2023-03-27 17:09:25 HKT [ Anthony_test2 ] [ alt_disk_clean ] ended


------------------ [ alt_disk_copy ] ------------------

hosts: ['Anthony_nimserver', 'Anthony_test2']
sudo user: ansiadm
become user: root
items: 

2023-03-27 17:11:11 HKT [ Anthony_nimserver ] [ alt_disk_copy ] began

2023-03-27 17:11:11 HKT [ Anthony_test2 ] [ alt_disk_copy ] began

[ Anthony_nimserver ] [ alt_disk_copy ] suceeded

[ Anthony_test2 ] [ alt_disk_copy ] suceeded

2023-03-27 17:15:08 HKT [ Anthony_nimserver ] [ alt_disk_copy ] ended

2023-03-27 17:15:08 HKT [ Anthony_test2 ] [ alt_disk_copy ] ended


------------------ [ gather_nmon ] ------------------

hosts: ['Anthony_nimserver', 'Anthony_test2']
sudo user: ansiadm
become user: root
items: 

2023-03-28 10:02:43 HKT [ Anthony_test2 ] [ gather_nmon ] began

2023-03-28 10:02:43 HKT [ Anthony_nimserver ] [ gather_nmon ] began

[ Anthony_nimserver ] [ gather_nmon ] failed

[ Anthony_test2 ] [ gather_nmon ] failed

2023-03-28 10:02:53 HKT [ Anthony_nimserver ] [ gather_nmon ] ended

2023-03-28 10:02:53 HKT [ Anthony_test2 ] [ gather_nmon ] ended


------------------ [ gather_nmon ] ------------------

hosts: ['Anthony_nimserver', 'Anthony_test2']
sudo user: ansiadm
become user: root
items: 

2023-03-28 11:10:04 HKT [ Anthony_nimserver ] [ gather_nmon ] began

2023-03-28 11:10:04 HKT [ Anthony_test2 ] [ gather_nmon ] began

[ Anthony_nimserver ] [ gather_nmon ] failed

[ Anthony_test2 ] [ gather_nmon ] failed

2023-03-28 11:10:14 HKT [ Anthony_nimserver ] [ gather_nmon ] ended

2023-03-28 11:10:15 HKT [ Anthony_test2 ] [ gather_nmon ] ended


------------------ [ gather_nmon ] ------------------

hosts: ['Anthony_nimserver', 'Anthony_test2']
sudo user: ansiadm
become user: root
items: 

2023-03-28 11:14:26 HKT [ Anthony_nimserver ] [ gather_nmon ] began

2023-03-28 11:14:26 HKT [ Anthony_test2 ] [ gather_nmon ] began

[ Anthony_nimserver ] [ gather_nmon ] failed

[ Anthony_test2 ] [ gather_nmon ] failed

2023-03-28 11:14:35 HKT [ Anthony_nimserver ] [ gather_nmon ] ended

2023-03-28 11:14:35 HKT [ Anthony_test2 ] [ gather_nmon ] ended


------------------ [ gather_nmon ] ------------------

hosts: ['Anthony_nimserver', 'Anthony_test2']
sudo user: ansiadm
become user: root
items: 

2023-03-28 11:17:28 HKT [ Anthony_nimserver ] [ gather_nmon ] began

2023-03-28 11:17:28 HKT [ Anthony_test2 ] [ gather_nmon ] began

[ Anthony_nimserver ] [ gather_nmon ] failed

[ Anthony_test2 ] [ gather_nmon ] failed

2023-03-28 11:17:34 HKT [ Anthony_nimserver ] [ gather_nmon ] ended

2023-03-28 11:17:34 HKT [ Anthony_test2 ] [ gather_nmon ] ended


------------------ [ gather_nmon ] ------------------

hosts: ['Anthony_nimserver', 'Anthony_test2']
sudo user: ansiadm
become user: root
items: 

2023-03-28 11:18:15 HKT [ Anthony_nimserver ] [ gather_nmon ] began

2023-03-28 11:18:15 HKT [ Anthony_test2 ] [ gather_nmon ] began

[ Anthony_nimserver ] [ gather_nmon ] failed

[ Anthony_test2 ] [ gather_nmon ] failed

2023-03-28 11:18:24 HKT [ Anthony_nimserver ] [ gather_nmon ] ended

2023-03-28 11:18:24 HKT [ Anthony_test2 ] [ gather_nmon ] ended


------------------ [ gather_nmon ] ------------------

hosts: ['Anthony_nimserver', 'Anthony_test2']
sudo user: ansiadm
become user: root
items: 

2023-03-28 11:19:22 HKT [ Anthony_nimserver ] [ gather_nmon ] began

2023-03-28 11:19:22 HKT [ Anthony_test2 ] [ gather_nmon ] began

[ Anthony_nimserver ] [ gather_nmon ] failed

[ Anthony_test2 ] [ gather_nmon ] failed

2023-03-28 11:19:31 HKT [ Anthony_nimserver ] [ gather_nmon ] ended

2023-03-28 11:19:31 HKT [ Anthony_test2 ] [ gather_nmon ] ended


------------------ [ gather_nmon ] ------------------

hosts: ['Anthony_nimserver', 'Anthony_test2']
sudo user: ansiadm
become user: root
items: 

2023-03-28 11:20:35 HKT [ Anthony_nimserver ] [ gather_nmon ] began

2023-03-28 11:20:35 HKT [ Anthony_test2 ] [ gather_nmon ] began

[ Anthony_nimserver ] [ gather_nmon ] failed

[ Anthony_test2 ] [ gather_nmon ] failed

2023-03-28 11:20:44 HKT [ Anthony_nimserver ] [ gather_nmon ] ended

2023-03-28 11:20:44 HKT [ Anthony_test2 ] [ gather_nmon ] ended


------------------ [ gather_nmon ] ------------------

hosts: ['Anthony_nimserver', 'Anthony_test2']
sudo user: ansiadm
become user: root
items: 

2023-03-28 11:22:17 HKT [ Anthony_nimserver ] [ gather_nmon ] began

2023-03-28 11:22:17 HKT [ Anthony_test2 ] [ gather_nmon ] began

[ Anthony_nimserver ] [ gather_nmon ] failed

[ Anthony_test2 ] [ gather_nmon ] failed

2023-03-28 11:22:26 HKT [ Anthony_nimserver ] [ gather_nmon ] ended

2023-03-28 11:22:26 HKT [ Anthony_test2 ] [ gather_nmon ] ended


------------------ [ gather_nmon ] ------------------

hosts: ['Anthony_nimserver', 'Anthony_test2']
sudo user: ansiadm
become user: root
items: 

2023-03-28 11:23:15 HKT [ Anthony_test2 ] [ gather_nmon ] began

2023-03-28 11:23:15 HKT [ Anthony_nimserver ] [ gather_nmon ] began

[ Anthony_nimserver ] [ gather_nmon ] failed

[ Anthony_test2 ] [ gather_nmon ] failed

2023-03-28 11:23:25 HKT [ Anthony_nimserver ] [ gather_nmon ] ended

2023-03-28 11:23:25 HKT [ Anthony_test2 ] [ gather_nmon ] ended


------------------ [ gather_nmon ] ------------------

hosts: ['Anthony_nimserver', 'Anthony_test2']
sudo user: ansiadm
become user: root
items: 

2023-03-28 11:26:13 HKT [ Anthony_nimserver ] [ gather_nmon ] began

2023-03-28 11:26:13 HKT [ Anthony_test2 ] [ gather_nmon ] began

[ Anthony_nimserver ] [ gather_nmon ] failed

[ Anthony_test2 ] [ gather_nmon ] failed

2023-03-28 11:26:23 HKT [ Anthony_nimserver ] [ gather_nmon ] ended

2023-03-28 11:26:23 HKT [ Anthony_test2 ] [ gather_nmon ] ended


------------------ [ gather_nmon ] ------------------

hosts: ['Anthony_nimserver', 'Anthony_test2']
sudo user: ansiadm
become user: root
items: 

2023-03-28 11:32:46 HKT [ Anthony_nimserver ] [ gather_nmon ] began

2023-03-28 11:32:46 HKT [ Anthony_test2 ] [ gather_nmon ] began

[ Anthony_nimserver ] [ gather_nmon ] failed

[ Anthony_test2 ] [ gather_nmon ] failed

2023-03-28 11:32:54 HKT [ Anthony_nimserver ] [ gather_nmon ] ended

2023-03-28 11:32:54 HKT [ Anthony_test2 ] [ gather_nmon ] ended


------------------ [ gather_nmon ] ------------------

hosts: ['Anthony_nimserver', 'Anthony_test2']
sudo user: ansiadm
become user: root
items: 

2023-03-28 11:52:56 HKT [ Anthony_nimserver ] [ gather_nmon ] began

2023-03-28 11:52:56 HKT [ Anthony_test2 ] [ gather_nmon ] began

[ Anthony_nimserver ] [ gather_nmon ] failed

[ Anthony_test2 ] [ gather_nmon ] failed

2023-03-28 11:53:03 HKT [ Anthony_nimserver ] [ gather_nmon ] ended

2023-03-28 11:53:03 HKT [ Anthony_test2 ] [ gather_nmon ] ended


------------------ [ gather_nmon ] ------------------

hosts: ['Anthony_nimserver', 'Anthony_test2']
sudo user: ansiadm
become user: root
items: 

2023-03-28 11:56:36 HKT [ Anthony_nimserver ] [ gather_nmon ] began

2023-03-28 11:56:36 HKT [ Anthony_test2 ] [ gather_nmon ] began

[ Anthony_nimserver ] [ gather_nmon ] suceeded

[ Anthony_test2 ] [ gather_nmon ] suceeded

2023-03-28 11:56:52 HKT [ Anthony_nimserver ] [ gather_nmon ] ended

2023-03-28 11:56:52 HKT [ Anthony_test2 ] [ gather_nmon ] ended


------------------ [ gather_nmon ] ------------------

hosts: ['Anthony_nimserver', 'Anthony_test2']
sudo user: ansiadm
become user: root
items: 

2023-03-28 11:59:05 HKT [ Anthony_nimserver ] [ gather_nmon ] began

2023-03-28 11:59:05 HKT [ Anthony_test2 ] [ gather_nmon ] began

[ Anthony_nimserver ] [ gather_nmon ] failed

[ Anthony_test2 ] [ gather_nmon ] failed

2023-03-28 11:59:12 HKT [ Anthony_nimserver ] [ gather_nmon ] ended

2023-03-28 11:59:12 HKT [ Anthony_test2 ] [ gather_nmon ] ended


------------------ [ gather_nmon ] ------------------

hosts: ['Anthony_nimserver', 'Anthony_test2']
sudo user: ansiadm
become user: root
items: 

2023-03-28 13:56:29 HKT [ Anthony_nimserver ] [ gather_nmon ] began

2023-03-28 13:56:29 HKT [ Anthony_test2 ] [ gather_nmon ] began

[ Anthony_nimserver ] [ gather_nmon ] failed

[ Anthony_test2 ] [ gather_nmon ] failed

2023-03-28 13:56:36 HKT [ Anthony_nimserver ] [ gather_nmon ] ended

2023-03-28 13:56:36 HKT [ Anthony_test2 ] [ gather_nmon ] ended


------------------ [ gather_nmon ] ------------------

hosts: ['Anthony_nimserver', 'Anthony_test2']
sudo user: ansiadm
become user: root
items: 

2023-03-28 14:39:59 HKT [ Anthony_nimserver ] [ gather_nmon ] began

2023-03-28 14:39:59 HKT [ Anthony_test2 ] [ gather_nmon ] began

[ Anthony_nimserver ] [ gather_nmon ] suceeded

[ Anthony_test2 ] [ gather_nmon ] suceeded

2023-03-28 14:40:16 HKT [ Anthony_nimserver ] [ gather_nmon ] ended

2023-03-28 14:40:16 HKT [ Anthony_test2 ] [ gather_nmon ] ended

