
------------------ [ alt_disk_list ] ------------------

hosts: ['Anthony_nimserver', 'Anthony_test2']
sudo user: ansiadm
become user: root
items: 

2023-03-31 16:02:00 HKT [ Anthony_test2 ] [ alt_disk_list ] began

2023-03-31 16:02:00 HKT [ Anthony_nimserver ] [ alt_disk_list ] began

[ Anthony_nimserver ] [ alt_disk_list ] suceeded

[ Anthony_test2 ] [ alt_disk_list ] suceeded

2023-03-31 16:02:15 HKT [ Anthony_nimserver ] [ alt_disk_list ] ended

2023-03-31 16:02:15 HKT [ Anthony_test2 ] [ alt_disk_list ] ended


------------------ [ alt_disk_copy_all ] ------------------

hosts: ['Anthony_nimserver', 'Anthony_test2']
sudo user: ansiadm
become user: root
items: 

2023-03-31 16:20:48 HKT [ Anthony_test2 ] [ alt_disk_copy_all ] began

2023-03-31 16:20:48 HKT [ Anthony_nimserver ] [ alt_disk_copy_all ] began

[ Anthony_nimserver ] [ alt_disk_copy_all ] suceeded

[ Anthony_test2 ] [ alt_disk_copy_all ] suceeded

2023-03-31 16:27:22 HKT [ Anthony_nimserver ] [ alt_disk_copy_all ] ended

2023-03-31 16:27:22 HKT [ Anthony_test2 ] [ alt_disk_copy_all ] ended

